<?xml version="1.0" encoding="UTF-8"?>
<testng-results ignored="0" total="1" passed="1" failed="0" skipped="0">
  <reporter-output>
  </reporter-output>
  <suite started-at="2023-04-04T11:01:47 IST" name="Default suite" finished-at="2023-04-04T11:01:47 IST" duration-ms="73">
    <groups>
    </groups>
    <test started-at="2023-04-04T11:01:47 IST" name="Default test" finished-at="2023-04-04T11:01:47 IST" duration-ms="73">
      <class name="AnneKutteTest">
        <test-method signature="dish()[pri:0, instance:AnneKutteTest@63a12c68]" started-at="2023-04-04T11:01:47 IST" name="dish" finished-at="2023-04-04T11:01:47 IST" duration-ms="12" status="PASS">
          <reporter-output>
          </reporter-output>
        </test-method> <!-- dish -->
      </class> <!-- AnneKutteTest -->
    </test> <!-- Default test -->
  </suite> <!-- Default suite -->
</testng-results>
